2026-07-02T02:56:35Z start site push loop (9h cap via launchd restart)
[2026-07-02 02:56:36 UTC] START 12h loop — until 2026-07-02T14:56:36.090779+00:00 (every 20m)
[2026-07-02 02:56:36 UTC] === CYCLE 1 — 11:59:59.999572 remaining ===
[2026-07-02 02:56:37 UTC] LIVE: home=200 gbp_schema=True gbp_footer=True verify_tag=True sitemap_urls=105
[2026-07-02 02:56:37 UTC] SCRIPT wire-gbp.py: Updated 1 files
  ghk-cu-cream.html
[2026-07-02 02:56:37 UTC] SCRIPT polish-indexable-pages.py: ✓ ivermectin-mebendazole.html

Polished 1 pages; removed 1 noindex URL(s) from sitemap
[2026-07-02 02:56:37 UTC] SCRIPT fix-journal-urls.py: Done: 0 URL fixes across 0 files
[2026-07-02 02:56:37 UTC] SCRIPT link-products-to-journals.py: Linked 0 product pages to journal articles
[2026-07-02 02:56:37 UTC] SCRIPT update-sitemap-journals.py: ✓ sitemap.xml — 73 journal articles
✓ sitemap-images.xml — 70 journal OG images
[main f37a938] chore(overnight): cycle 1 maintenance auto-push
 8 files changed, 139 insertions(+), 107 deletions(-)
 create mode 100644 logs/launchd-push-loop.log
 create mode 100644 logs/launchd-push.stderr.log
 create mode 100644 logs/launchd-push.stdout.log
From https://github.com/extremesportlocks-netizen/clyr-marketing
 * branch            main       -> FETCH_HEAD
fatal: no rebase in progress
[2026-07-02 02:56:37 UTC] REBASE conflict cycle 1 — skipped push, left local intact for manual reconcile: error: cannot rebase: You have unstaged changes.
error: Please commit or stash them.

2026-07-02T02:59:46Z start site push loop (9h cap via launchd restart)
[2026-07-02 02:59:46 UTC] START 12h loop — until 2026-07-02T14:59:46.359099+00:00 (every 20m)
[2026-07-02 02:59:46 UTC] === CYCLE 1 — 11:59:59.999681 remaining ===
[2026-07-02 02:59:47 UTC] LIVE: home=200 gbp_schema=True gbp_footer=True verify_tag=True sitemap_urls=105
[2026-07-02 02:59:47 UTC] SCRIPT wire-gbp.py: Updated 0 files
[2026-07-02 02:59:47 UTC] SCRIPT polish-indexable-pages.py: Polished 0 pages; removed 1 noindex URL(s) from sitemap
[2026-07-02 02:59:47 UTC] SCRIPT fix-journal-urls.py: Done: 0 URL fixes across 0 files
[2026-07-02 02:59:47 UTC] SCRIPT link-products-to-journals.py: Linked 0 product pages to journal articles
[2026-07-02 02:59:47 UTC] SCRIPT update-sitemap-journals.py: ✓ sitemap.xml — 73 journal articles
✓ sitemap-images.xml — 70 journal OG images
