[2026-06-20 06:59:45 UTC] START 12h loop — until 2026-06-20T18:59:45.339906+00:00 (every 20m)
[2026-06-20 06:59:45 UTC] === CYCLE 1 — 11:59:59.999741 remaining ===
[2026-06-20 06:59:46 UTC] LIVE: home=200 gbp_schema=True gbp_footer=True verify_tag=False sitemap_urls=135
[2026-06-20 06:59:46 UTC] SCRIPT wire-gbp.py: Updated 0 files
[2026-06-20 06:59:46 UTC] SCRIPT polish-indexable-pages.py:  = ET.parse(ROOT / "sitemap.xml")
  File "/Library/Developer/CommandLineTools/Library/Frameworks/Python3.framework/Versions/3.9/lib/python3.9/xml/etree/ElementTree.py", line 1229, in parse
    tree.pa
[2026-06-20 06:59:46 UTC] SCRIPT fix-journal-urls.py: Done: 0 URL fixes across 0 files
[2026-06-20 06:59:46 UTC] SCRIPT link-products-to-journals.py: Linked 0 product pages to journal articles
[2026-06-20 06:59:46 UTC] SCRIPT update-sitemap-journals.py: ✓ sitemap.xml — 52 journal articles
✓ sitemap-images.xml — 52 journal OG images
[2026-06-20 06:59:47 UTC] PUSHED cycle 1
[2026-06-20 07:19:47 UTC] === CYCLE 2 — 11:39:58.065366 remaining ===
[2026-06-20 07:19:48 UTC] LIVE: home=200 gbp_schema=True gbp_footer=True verify_tag=True sitemap_urls=82
[2026-06-20 07:19:48 UTC] SCRIPT wire-gbp.py: Updated 0 files
[2026-06-20 07:19:48 UTC] SCRIPT polish-indexable-pages.py: Polished 0 pages; removed 1 noindex URL(s) from sitemap
[2026-06-20 07:19:48 UTC] SCRIPT fix-journal-urls.py: Done: 0 URL fixes across 0 files
[2026-06-20 07:19:48 UTC] SCRIPT link-products-to-journals.py: Linked 0 product pages to journal articles
[2026-06-20 07:19:48 UTC] SCRIPT update-sitemap-journals.py: ✓ sitemap.xml — 52 journal articles
✓ sitemap-images.xml — 52 journal OG images
[2026-06-20 07:19:49 UTC] PUSHED cycle 2
[2026-06-25 00:34:13 UTC] START 12h loop — until 2026-06-25T12:34:13.725594+00:00 (every 20m)
[2026-06-25 00:34:13 UTC] START 12h loop — until 2026-06-25T12:34:13.725594+00:00 (every 20m)
[2026-06-25 00:34:13 UTC] === CYCLE 1 — 11:59:59.999586 remaining ===
[2026-06-25 00:34:13 UTC] === CYCLE 1 — 11:59:59.999586 remaining ===
[2026-06-25 00:34:14 UTC] LIVE: home=200 gbp_schema=True gbp_footer=True verify_tag=True sitemap_urls=101
[2026-06-25 00:34:14 UTC] LIVE: home=200 gbp_schema=True gbp_footer=True verify_tag=True sitemap_urls=101
[2026-06-25 00:34:14 UTC] SCRIPT wire-gbp.py: Updated 1 files
  index.html
[2026-06-25 00:34:14 UTC] SCRIPT wire-gbp.py: Updated 1 files
  index.html
[2026-06-25 00:34:14 UTC] SCRIPT polish-indexable-pages.py: ✓ niagen.html

Polished 1 pages; removed 1 noindex URL(s) from sitemap
[2026-06-25 00:34:14 UTC] SCRIPT polish-indexable-pages.py: ✓ niagen.html

Polished 1 pages; removed 1 noindex URL(s) from sitemap
[2026-06-25 00:34:14 UTC] SCRIPT fix-journal-urls.py: Done: 0 URL fixes across 0 files
[2026-06-25 00:34:14 UTC] SCRIPT fix-journal-urls.py: Done: 0 URL fixes across 0 files
[2026-06-25 00:34:14 UTC] SCRIPT link-products-to-journals.py: Linked 0 product pages to journal articles
[2026-06-25 00:34:14 UTC] SCRIPT link-products-to-journals.py: Linked 0 product pages to journal articles
[2026-06-25 00:34:14 UTC] SCRIPT update-sitemap-journals.py: ✓ sitemap.xml — 70 journal articles
✓ sitemap-images.xml — 70 journal OG images
[2026-06-25 00:34:14 UTC] SCRIPT update-sitemap-journals.py: ✓ sitemap.xml — 70 journal articles
✓ sitemap-images.xml — 70 journal OG images
[main 805aec4] chore(overnight): cycle 1 maintenance auto-push
 9 files changed, 202 insertions(+), 102 deletions(-)
 create mode 100644 .DS_Store
 create mode 100644 preview/.DS_Store
 create mode 100644 preview/assets/.DS_Store
 create mode 100644 protocol-gallery/.DS_Store
[2026-06-25 00:34:16 UTC] PUSHED cycle 1
[2026-06-25 00:34:16 UTC] PUSHED cycle 1
[2026-06-25 00:54:16 UTC] === CYCLE 2 — 11:39:57.679737 remaining ===
[2026-06-25 00:54:16 UTC] === CYCLE 2 — 11:39:57.679737 remaining ===
[2026-06-25 00:54:17 UTC] LIVE: home=200 gbp_schema=True gbp_footer=True verify_tag=True sitemap_urls=101
[2026-06-25 00:54:17 UTC] LIVE: home=200 gbp_schema=True gbp_footer=True verify_tag=True sitemap_urls=101
[2026-06-25 00:54:17 UTC] SCRIPT wire-gbp.py: Updated 0 files
[2026-06-25 00:54:17 UTC] SCRIPT wire-gbp.py: Updated 0 files
[2026-06-25 00:54:17 UTC] SCRIPT polish-indexable-pages.py: Polished 0 pages; removed 1 noindex URL(s) from sitemap
[2026-06-25 00:54:17 UTC] SCRIPT polish-indexable-pages.py: Polished 0 pages; removed 1 noindex URL(s) from sitemap
[2026-06-25 00:54:17 UTC] SCRIPT fix-journal-urls.py: Done: 0 URL fixes across 0 files
[2026-06-25 00:54:17 UTC] SCRIPT fix-journal-urls.py: Done: 0 URL fixes across 0 files
[2026-06-25 00:54:17 UTC] SCRIPT link-products-to-journals.py: Linked 0 product pages to journal articles
[2026-06-25 00:54:17 UTC] SCRIPT link-products-to-journals.py: Linked 0 product pages to journal articles
[2026-06-25 00:54:17 UTC] SCRIPT update-sitemap-journals.py: ✓ sitemap.xml — 70 journal articles
✓ sitemap-images.xml — 70 journal OG images
[2026-06-25 00:54:17 UTC] SCRIPT update-sitemap-journals.py: ✓ sitemap.xml — 70 journal articles
✓ sitemap-images.xml — 70 journal OG images
[main 528e006] chore(overnight): cycle 2 maintenance auto-push
 4 files changed, 31 insertions(+), 7 deletions(-)
[2026-06-25 00:54:18 UTC] PUSHED cycle 2
[2026-06-25 00:54:18 UTC] PUSHED cycle 2
[2026-06-25 01:14:18 UTC] === CYCLE 3 — 11:19:55.289083 remaining ===
[2026-06-25 01:14:18 UTC] === CYCLE 3 — 11:19:55.289083 remaining ===
[2026-06-25 01:14:19 UTC] LIVE: home=200 gbp_schema=True gbp_footer=True verify_tag=True sitemap_urls=101
[2026-06-25 01:14:19 UTC] LIVE: home=200 gbp_schema=True gbp_footer=True verify_tag=True sitemap_urls=101
[2026-06-25 01:14:19 UTC] SCRIPT wire-gbp.py: Updated 0 files
[2026-06-25 01:14:19 UTC] SCRIPT wire-gbp.py: Updated 0 files
[2026-06-25 01:14:19 UTC] SCRIPT polish-indexable-pages.py: Polished 0 pages; removed 1 noindex URL(s) from sitemap
[2026-06-25 01:14:19 UTC] SCRIPT polish-indexable-pages.py: Polished 0 pages; removed 1 noindex URL(s) from sitemap
[2026-06-25 01:14:19 UTC] SCRIPT fix-journal-urls.py: Done: 0 URL fixes across 0 files
[2026-06-25 01:14:19 UTC] SCRIPT fix-journal-urls.py: Done: 0 URL fixes across 0 files
[2026-06-25 01:14:19 UTC] SCRIPT link-products-to-journals.py: Linked 0 product pages to journal articles
[2026-06-25 01:14:19 UTC] SCRIPT link-products-to-journals.py: Linked 0 product pages to journal articles
[2026-06-25 01:14:19 UTC] SCRIPT update-sitemap-journals.py: ✓ sitemap.xml — 70 journal articles
✓ sitemap-images.xml — 70 journal OG images
[2026-06-25 01:14:19 UTC] SCRIPT update-sitemap-journals.py: ✓ sitemap.xml — 70 journal articles
✓ sitemap-images.xml — 70 journal OG images
[main 18a18ab] chore(overnight): cycle 3 maintenance auto-push
 4 files changed, 24 insertions(+), 4 deletions(-)
[2026-06-25 01:14:20 UTC] PUSHED cycle 3
[2026-06-25 01:14:20 UTC] PUSHED cycle 3
[2026-06-25 01:34:20 UTC] === CYCLE 4 — 10:59:52.777455 remaining ===
[2026-06-25 01:34:20 UTC] === CYCLE 4 — 10:59:52.777455 remaining ===
[2026-06-25 01:34:22 UTC] LIVE: home=200 gbp_schema=True gbp_footer=True verify_tag=True sitemap_urls=101
[2026-06-25 01:34:22 UTC] LIVE: home=200 gbp_schema=True gbp_footer=True verify_tag=True sitemap_urls=101
[2026-06-25 01:34:22 UTC] SCRIPT wire-gbp.py: Updated 0 files
[2026-06-25 01:34:22 UTC] SCRIPT wire-gbp.py: Updated 0 files
[2026-06-25 01:34:22 UTC] SCRIPT polish-indexable-pages.py: Polished 0 pages; removed 1 noindex URL(s) from sitemap
[2026-06-25 01:34:22 UTC] SCRIPT polish-indexable-pages.py: Polished 0 pages; removed 1 noindex URL(s) from sitemap
[2026-06-25 01:34:22 UTC] SCRIPT fix-journal-urls.py: Done: 0 URL fixes across 0 files
[2026-06-25 01:34:22 UTC] SCRIPT fix-journal-urls.py: Done: 0 URL fixes across 0 files
[2026-06-25 01:34:22 UTC] SCRIPT link-products-to-journals.py: Linked 0 product pages to journal articles
[2026-06-25 01:34:22 UTC] SCRIPT link-products-to-journals.py: Linked 0 product pages to journal articles
[2026-06-25 01:34:22 UTC] SCRIPT update-sitemap-journals.py: ✓ sitemap.xml — 70 journal articles
✓ sitemap-images.xml — 70 journal OG images
[2026-06-25 01:34:22 UTC] SCRIPT update-sitemap-journals.py: ✓ sitemap.xml — 70 journal articles
✓ sitemap-images.xml — 70 journal OG images
[main cf88914] chore(overnight): cycle 4 maintenance auto-push
 4 files changed, 24 insertions(+), 4 deletions(-)
[2026-06-25 01:34:23 UTC] PUSHED cycle 4
[2026-06-25 01:34:23 UTC] PUSHED cycle 4
[2026-06-25 01:54:23 UTC] === CYCLE 5 — 10:39:50.153389 remaining ===
[2026-06-25 01:54:23 UTC] === CYCLE 5 — 10:39:50.153389 remaining ===
[2026-06-25 01:54:25 UTC] LIVE: home=200 gbp_schema=True gbp_footer=True verify_tag=True sitemap_urls=101
[2026-06-25 01:54:25 UTC] LIVE: home=200 gbp_schema=True gbp_footer=True verify_tag=True sitemap_urls=101
[2026-06-25 01:54:25 UTC] SCRIPT wire-gbp.py: Updated 0 files
[2026-06-25 01:54:25 UTC] SCRIPT wire-gbp.py: Updated 0 files
[2026-06-25 01:54:25 UTC] SCRIPT polish-indexable-pages.py: Polished 0 pages; removed 1 noindex URL(s) from sitemap
[2026-06-25 01:54:25 UTC] SCRIPT polish-indexable-pages.py: Polished 0 pages; removed 1 noindex URL(s) from sitemap
[2026-06-25 01:54:25 UTC] SCRIPT fix-journal-urls.py: Done: 0 URL fixes across 0 files
[2026-06-25 01:54:25 UTC] SCRIPT fix-journal-urls.py: Done: 0 URL fixes across 0 files
[2026-06-25 01:54:25 UTC] SCRIPT link-products-to-journals.py: Linked 0 product pages to journal articles
[2026-06-25 01:54:25 UTC] SCRIPT link-products-to-journals.py: Linked 0 product pages to journal articles
[2026-06-25 01:54:25 UTC] SCRIPT update-sitemap-journals.py: ✓ sitemap.xml — 70 journal articles
✓ sitemap-images.xml — 70 journal OG images
[2026-06-25 01:54:25 UTC] SCRIPT update-sitemap-journals.py: ✓ sitemap.xml — 70 journal articles
✓ sitemap-images.xml — 70 journal OG images
[main 8797a95] chore(overnight): cycle 5 maintenance auto-push
 4 files changed, 24 insertions(+), 4 deletions(-)
[2026-06-25 01:54:26 UTC] PUSHED cycle 5
[2026-06-25 01:54:26 UTC] PUSHED cycle 5
[2026-06-25 02:14:26 UTC] === CYCLE 6 — 10:19:47.294184 remaining ===
[2026-06-25 02:14:26 UTC] === CYCLE 6 — 10:19:47.294184 remaining ===
[2026-06-25 02:14:27 UTC] LIVE: home=200 gbp_schema=True gbp_footer=True verify_tag=True sitemap_urls=101
[2026-06-25 02:14:27 UTC] LIVE: home=200 gbp_schema=True gbp_footer=True verify_tag=True sitemap_urls=101
[2026-06-25 02:14:27 UTC] SCRIPT wire-gbp.py: Updated 0 files
[2026-06-25 02:14:27 UTC] SCRIPT wire-gbp.py: Updated 0 files
[2026-06-25 02:14:27 UTC] SCRIPT polish-indexable-pages.py: Polished 0 pages; removed 1 noindex URL(s) from sitemap
[2026-06-25 02:14:27 UTC] SCRIPT polish-indexable-pages.py: Polished 0 pages; removed 1 noindex URL(s) from sitemap
[2026-06-25 02:14:27 UTC] SCRIPT fix-journal-urls.py: Done: 0 URL fixes across 0 files
[2026-06-25 02:14:27 UTC] SCRIPT fix-journal-urls.py: Done: 0 URL fixes across 0 files
[2026-06-25 02:14:27 UTC] SCRIPT link-products-to-journals.py: Linked 0 product pages to journal articles
[2026-06-25 02:14:27 UTC] SCRIPT link-products-to-journals.py: Linked 0 product pages to journal articles
[2026-06-25 02:14:27 UTC] SCRIPT update-sitemap-journals.py: ✓ sitemap.xml — 70 journal articles
✓ sitemap-images.xml — 70 journal OG images
[2026-06-25 02:14:27 UTC] SCRIPT update-sitemap-journals.py: ✓ sitemap.xml — 70 journal articles
✓ sitemap-images.xml — 70 journal OG images
