[2026-06-20 07:35:09 UTC] SPRINT START — 8h until 2026-06-20T15:35:09.417796+00:00 (every 15m)
[2026-06-20 07:35:09 UTC] === CYCLE 1 — 7:59:59.999709 left ===
[2026-06-20 07:35:09 UTC] LIVE {'homepage': 200, 'sitemap': 200, 'sitemap_urls': 82, 'gbp_schema': True, 'gbp_footer': True, 'verify_tag': True, 'ok': True}
[2026-06-20 07:35:09 UTC] PUBLISHED glutathione-push-injection-benefits
[2026-06-20 07:35:11 UTC] PUSHED cycle 1
[2026-06-20 07:50:11 UTC] === CYCLE 2 — 7:44:58.097169 left ===
[2026-06-20 07:50:11 UTC] LIVE {'homepage': 200, 'sitemap': 200, 'sitemap_urls': 93, 'gbp_schema': True, 'gbp_footer': True, 'verify_tag': True, 'ok': True}
[2026-06-20 07:50:11 UTC] PUBLISHED foundayo-hair-regrowth-science
[2026-06-20 07:50:13 UTC] PUSHED cycle 2
[2026-06-20 08:05:13 UTC] === CYCLE 3 — 7:29:56.388623 left ===
[2026-06-20 08:05:13 UTC] LIVE {'homepage': 200, 'sitemap': 200, 'sitemap_urls': 94, 'gbp_schema': True, 'gbp_footer': True, 'verify_tag': True, 'ok': True}
[2026-06-20 08:05:13 UTC] PUBLISH FAIL legitscript-telehealth-certification-explained: orlandosmith/clyr-code/clyr-marketing/scripts/../journal/legitscript-telehealth-certification-explained/index.html (514 lines)
✓ prepended card to journal/index.html
Preview: file:///Users/orlandosmith/clyr-code/clyr-marketing/scripts/../journal/legitscript-telehealth-certification-explained/index.html
Live after push: https://www.clyr.health/journal/legitscript-telehealth-certification-explained/
[2026-06-20 08:05:14 UTC] PUSHED cycle 3
[2026-06-20 08:20:14 UTC] === CYCLE 4 — 7:14:54.644734 left ===
[2026-06-20 08:20:15 UTC] LIVE {'homepage': 200, 'sitemap': 200, 'sitemap_urls': 95, 'gbp_schema': True, 'gbp_footer': True, 'verify_tag': True, 'ok': True}
[2026-06-20 08:20:15 UTC] PUBLISHED lipo-mino-injection-weight-loss
[2026-06-20 08:20:16 UTC] PUSHED cycle 4
[2026-06-20 08:35:16 UTC] === CYCLE 5 — 6:59:52.752535 left ===
[2026-06-20 08:35:16 UTC] LIVE {'homepage': 200, 'sitemap': 200, 'sitemap_urls': 96, 'gbp_schema': True, 'gbp_footer': True, 'verify_tag': True, 'ok': True}
[2026-06-20 08:35:17 UTC] PUBLISHED semaglutide-illinois
[2026-06-20 08:35:18 UTC] PUSHED cycle 5
[2026-06-20 08:50:18 UTC] === CYCLE 6 — 6:44:50.936377 left ===
[2026-06-20 08:50:19 UTC] LIVE {'homepage': 200, 'sitemap': 200, 'sitemap_urls': 97, 'gbp_schema': True, 'gbp_footer': True, 'verify_tag': True, 'ok': True}
[2026-06-20 08:50:19 UTC] PUBLISHED semaglutide-michigan
[2026-06-20 08:50:20 UTC] PUSHED cycle 6
[2026-06-20 09:05:20 UTC] === CYCLE 7 — 6:29:48.771907 left ===
[2026-06-20 09:05:20 UTC] LIVE {'homepage': 200, 'sitemap': 200, 'sitemap_urls': 98, 'gbp_schema': True, 'gbp_footer': True, 'verify_tag': True, 'ok': True}
[2026-06-20 09:05:21 UTC] PUBLISHED sexual-health-telehealth-guide
[2026-06-20 09:05:22 UTC] PUSHED cycle 7
[2026-06-20 09:20:22 UTC] === CYCLE 8 — 6:14:47.001015 left ===
[2026-06-20 09:20:22 UTC] LIVE {'homepage': 200, 'sitemap': 200, 'sitemap_urls': 99, 'gbp_schema': True, 'gbp_footer': True, 'verify_tag': True, 'ok': True}
[2026-06-20 09:20:23 UTC] PUBLISHED wegovy-tablets-oral-semaglutide-guide
